# JRE version: OpenJDK Runtime Environment (8.0_152-b01) (build 1.8.0_152-release-915-b01)
# Java VM: OpenJDK 64-Bit Server VM (25.152-b01 mixed mode windows-amd64 compressed oops)
Heap:
 PSYoungGen      total 187392K, used 25976K [0x00000000e0000000, 0x00000000ee380000, 0x0000000100000000)
  eden space 153088K, 9% used [0x00000000e0000000,0x00000000e0dfe638,0x00000000e9580000)
  from space 34304K, 33% used [0x00000000ec200000,0x00000000ecd5fad0,0x00000000ee380000)
  to   space 39936K, 0% used [0x00000000e9580000,0x00000000e9580000,0x00000000ebc80000)
 ParOldGen       total 159744K, used 63772K [0x00000000a0000000, 0x00000000a9c00000, 0x00000000e0000000)
  object space 159744K, 39% used [0x00000000a0000000,0x00000000a3e47048,0x00000000a9c00000)
 Metaspace       used 77723K, capacity 81526K, committed 81624K, reserved 1120256K
  class space    used 10000K, capacity 10917K, committed 11008K, reserved 1048576K
GC Heap History (10 events):
Event: 702.843 GC heap before
{Heap before GC invocations=19 (full 3):
 PSYoungGen      total 155136K, used 155114K [0x00000000e0000000, 0x00000000eca00000, 0x0000000100000000)
  eden space 134144K, 100% used [0x00000000e0000000,0x00000000e8300000,0x00000000e8300000)
  from space 20992K, 99% used [0x00000000e8300000,0x00000000e977a8a0,0x00000000e9780000)
  to   space 24064K, 0% used [0x00000000eb280000,0x00000000eb280000,0x00000000eca00000)
 ParOldGen       total 159744K, used 37404K [0x00000000a0000000, 0x00000000a9c00000, 0x00000000e0000000)
  object space 159744K, 23% used [0x00000000a0000000,0x00000000a2487068,0x00000000a9c00000)
 Metaspace       used 66766K, capacity 70014K, committed 70232K, reserved 1110016K
  class space    used 8752K, capacity 9545K, committed 9600K, reserved 1048576K
Event: 702.948 GC heap after
Heap after GC invocations=19 (full 3):
 PSYoungGen      total 180224K, used 20778K [0x00000000e0000000, 0x00000000ed080000, 0x0000000100000000)
  eden space 156160K, 0% used [0x00000000e0000000,0x00000000e0000000,0x00000000e9880000)
  from space 24064K, 86% used [0x00000000eb280000,0x00000000ec6ca9e0,0x00000000eca00000)
  to   space 26624K, 0% used [0x00000000e9880000,0x00000000e9880000,0x00000000eb280000)
 ParOldGen       total 159744K, used 37412K [0x00000000a0000000, 0x00000000a9c00000, 0x00000000e0000000)
  object space 159744K, 23% used [0x00000000a0000000,0x00000000a2489068,0x00000000a9c00000)
 Metaspace       used 66766K, capacity 70014K, committed 70232K, reserved 1110016K
  class space    used 8752K, capacity 9545K, committed 9600K, reserved 1048576K
}
Event: 731.335 GC heap before
{Heap before GC invocations=20 (full 3):
 PSYoungGen      total 180224K, used 176938K [0x00000000e0000000, 0x00000000ed080000, 0x0000000100000000)
  eden space 156160K, 100% used [0x00000000e0000000,0x00000000e9880000,0x00000000e9880000)
  from space 24064K, 86% used [0x00000000eb280000,0x00000000ec6ca9e0,0x00000000eca00000)
  to   space 26624K, 0% used [0x00000000e9880000,0x00000000e9880000,0x00000000eb280000)
 ParOldGen       total 159744K, used 37412K [0x00000000a0000000, 0x00000000a9c00000, 0x00000000e0000000)
  object space 159744K, 23% used [0x00000000a0000000,0x00000000a2489068,0x00000000a9c00000)
 Metaspace       used 70549K, capacity 73896K, committed 74072K, reserved 1114112K
  class space    used 9215K, capacity 10028K, committed 10112K, reserved 1048576K
Event: 731.438 GC heap after
Heap after GC invocations=20 (full 3):
 PSYoungGen      total 182784K, used 26611K [0x00000000e0000000, 0x00000000ee500000, 0x0000000100000000)
  eden space 156160K, 0% used [0x00000000e0000000,0x00000000e0000000,0x00000000e9880000)
  from space 26624K, 99% used [0x00000000e9880000,0x00000000eb27cc70,0x00000000eb280000)
  to   space 30208K, 0% used [0x00000000ec780000,0x00000000ec780000,0x00000000ee500000)
 ParOldGen       total 159744K, used 37461K [0x00000000a0000000, 0x00000000a9c00000, 0x00000000e0000000)
  object space 159744K, 23% used [0x00000000a0000000,0x00000000a2495700,0x00000000a9c00000)
 Metaspace       used 70549K, capacity 73896K, committed 74072K, reserved 1114112K
  class space    used 9215K, capacity 10028K, committed 10112K, reserved 1048576K
}
Event: 743.764 GC heap before
{Heap before GC invocations=21 (full 3):
 PSYoungGen      total 182784K, used 182771K [0x00000000e0000000, 0x00000000ee500000, 0x0000000100000000)
  eden space 156160K, 100% used [0x00000000e0000000,0x00000000e9880000,0x00000000e9880000)
  from space 26624K, 99% used [0x00000000e9880000,0x00000000eb27cc70,0x00000000eb280000)
  to   space 30208K, 0% used [0x00000000ec780000,0x00000000ec780000,0x00000000ee500000)
 ParOldGen       total 159744K, used 37461K [0x00000000a0000000, 0x00000000a9c00000, 0x00000000e0000000)
  object space 159744K, 23% used [0x00000000a0000000,0x00000000a2495700,0x00000000a9c00000)
 Metaspace       used 71209K, capacity 74600K, committed 74840K, reserved 1114112K
  class space    used 9273K, capacity 10080K, committed 10112K, reserved 1048576K
Event: 743.899 GC heap after
Heap after GC invocations=21 (full 3):
 PSYoungGen      total 192000K, used 30179K [0x00000000e0000000, 0x00000000efe00000, 0x0000000100000000)
  eden space 161792K, 0% used [0x00000000e0000000,0x00000000e0000000,0x00000000e9e00000)
  from space 30208K, 99% used [0x00000000ec780000,0x00000000ee4f8d70,0x00000000ee500000)
  to   space 42496K, 0% used [0x00000000e9e00000,0x00000000e9e00000,0x00000000ec780000)
 ParOldGen       total 159744K, used 58277K [0x00000000a0000000, 0x00000000a9c00000, 0x00000000e0000000)
  object space 159744K, 36% used [0x00000000a0000000,0x00000000a38e9540,0x00000000a9c00000)
 Metaspace       used 71209K, capacity 74600K, committed 74840K, reserved 1114112K
  class space    used 9273K, capacity 10080K, committed 10112K, reserved 1048576K
}
Event: 1862.750 GC heap before
{Heap before GC invocations=22 (full 3):
 PSYoungGen      total 192000K, used 191971K [0x00000000e0000000, 0x00000000efe00000, 0x0000000100000000)
  eden space 161792K, 100% used [0x00000000e0000000,0x00000000e9e00000,0x00000000e9e00000)
  from space 30208K, 99% used [0x00000000ec780000,0x00000000ee4f8d70,0x00000000ee500000)
  to   space 42496K, 0% used [0x00000000e9e00000,0x00000000e9e00000,0x00000000ec780000)
 ParOldGen       total 159744K, used 58277K [0x00000000a0000000, 0x00000000a9c00000, 0x00000000e0000000)
  object space 159744K, 36% used [0x00000000a0000000,0x00000000a38e9540,0x00000000a9c00000)
 Metaspace       used 72079K, capacity 75838K, committed 76120K, reserved 1116160K
  class space    used 9381K, capacity 10255K, committed 10368K, reserved 1048576K
Event: 1862.780 GC heap after
Heap after GC invocations=22 (full 3):
 PSYoungGen      total 167424K, used 9868K [0x00000000e0000000, 0x00000000eea80000, 0x0000000100000000)
  eden space 157184K, 0% used [0x00000000e0000000,0x00000000e0000000,0x00000000e9980000)
  from space 10240K, 96% used [0x00000000e9e00000,0x00000000ea7a33f0,0x00000000ea800000)
  to   space 41472K, 0% used [0x00000000ec200000,0x00000000ec200000,0x00000000eea80000)
 ParOldGen       total 159744K, used 63756K [0x00000000a0000000, 0x00000000a9c00000, 0x00000000e0000000)
  object space 159744K, 39% used [0x00000000a0000000,0x00000000a3e43048,0x00000000a9c00000)
 Metaspace       used 72079K, capacity 75838K, committed 76120K, reserved 1116160K
  class space    used 9381K, capacity 10255K, committed 10368K, reserved 1048576K
}
Event: 1892.111 GC heap before
{Heap before GC invocations=23 (full 3):
 PSYoungGen      total 167424K, used 167052K [0x00000000e0000000, 0x00000000eea80000, 0x0000000100000000)
  eden space 157184K, 100% used [0x00000000e0000000,0x00000000e9980000,0x00000000e9980000)
  from space 10240K, 96% used [0x00000000e9e00000,0x00000000ea7a33f0,0x00000000ea800000)
  to   space 41472K, 0% used [0x00000000ec200000,0x00000000ec200000,0x00000000eea80000)
 ParOldGen       total 159744K, used 63756K [0x00000000a0000000, 0x00000000a9c00000, 0x00000000e0000000)
  object space 159744K, 39% used [0x00000000a0000000,0x00000000a3e43048,0x00000000a9c00000)
 Metaspace       used 77425K, capacity 81174K, committed 81368K, reserved 1120256K
  class space    used 9976K, capacity 10885K, committed 11008K, reserved 1048576K
Event: 1892.139 GC heap after
Heap after GC invocations=23 (full 3):
 PSYoungGen      total 187392K, used 11646K [0x00000000e0000000, 0x00000000ee380000, 0x0000000100000000)
  eden space 153088K, 0% used [0x00000000e0000000,0x00000000e0000000,0x00000000e9580000)
  from space 34304K, 33% used [0x00000000ec200000,0x00000000ecd5fad0,0x00000000ee380000)
  to   space 39936K, 0% used [0x00000000e9580000,0x00000000e9580000,0x00000000ebc80000)
 ParOldGen       total 159744K, used 63772K [0x00000000a0000000, 0x00000000a9c00000, 0x00000000e0000000)
  object space 159744K, 39% used [0x00000000a0000000,0x00000000a3e47048,0x00000000a9c00000)
 Metaspace       used 77425K, capacity 81174K, committed 81368K, reserved 1120256K
  class space    used 9976K, capacity 10885K, committed 11008K, reserved 1048576K
}

